2016/05/16 18:21:29 [error] [php] Missing argument 1 for CModel::getError(), called in C:\xampp\htdocs\mtr\framework\base\CComponent.php on line 111 and defined (C:\xampp\htdocs\mtr\framework\base\CModel.php:371)
Stack trace:
#0 C:\xampp\htdocs\mtr\framework\base\CComponent.php(264): LabtypeInput->__get()
#1 C:\xampp\htdocs\mtr\framework\db\ar\CActiveRecord.php(227): LabtypeInput->__call()
#2 C:\xampp\htdocs\mtr\protected\controllers\LabtypeController.php(114): LabtypeInput->__call()
#3 C:\xampp\htdocs\mtr\protected\controllers\LabtypeController.php(114): LabtypeInput->error()
#4 C:\xampp\htdocs\mtr\framework\web\actions\CInlineAction.php(49): LabtypeController->actionCreateHeader()
#5 C:\xampp\htdocs\mtr\framework\web\CController.php(308): CInlineAction->runWithParams()
#6 C:\xampp\htdocs\mtr\framework\web\filters\CFilterChain.php(133): LabtypeController->runAction()
#7 C:\xampp\htdocs\mtr\framework\web\filters\CFilter.php(40): CFilterChain->run()
#8 C:\xampp\htdocs\mtr\framework\web\CController.php(1145): CAccessControlFilter->filter()
#9 C:\xampp\htdocs\mtr\framework\web\filters\CInlineFilter.php(58): LabtypeController->filterAccessControl()
#10 C:\xampp\htdocs\mtr\framework\web\filters\CFilterChain.php(130): CInlineFilter->filter()
#11 C:\xampp\htdocs\mtr\framework\web\CController.php(291): CFilterChain->run()
#12 C:\xampp\htdocs\mtr\framework\web\CController.php(265): LabtypeController->runActionWithFilters()
#13 C:\xampp\htdocs\mtr\framework\web\CWebApplication.php(282): LabtypeController->run()
#14 C:\xampp\htdocs\mtr\framework\web\CWebApplication.php(141): CWebApplication->runController()
#15 C:\xampp\htdocs\mtr\framework\base\CApplication.php(180): CWebApplication->processRequest()
#16 C:\xampp\htdocs\mtr\index.php(13): CWebApplication->run()
REQUEST_URI=/mtr/labtype/createHeader
in C:\xampp\htdocs\mtr\protected\controllers\LabtypeController.php (114)
in C:\xampp\htdocs\mtr\protected\controllers\LabtypeController.php (114)
in C:\xampp\htdocs\mtr\index.php (13)
2016/05/17 16:13:08 [error] [php] Undefined variable: id (C:\xampp\htdocs\mtr\protected\views\standard\_formUpdate.php:72)
Stack trace:
#0 C:\xampp\htdocs\mtr\framework\web\CController.php(869): StandardController->renderFile()
#1 C:\xampp\htdocs\mtr\protected\views\standard\update.php(11): StandardController->renderPartial()
#2 C:\xampp\htdocs\mtr\framework\web\CBaseController.php(126): require()
#3 C:\xampp\htdocs\mtr\framework\web\CBaseController.php(95): StandardController->renderInternal()
#4 C:\xampp\htdocs\mtr\framework\web\CController.php(869): StandardController->renderFile()
#5 C:\xampp\htdocs\mtr\framework\web\CController.php(782): StandardController->renderPartial()
#6 C:\xampp\htdocs\mtr\protected\controllers\StandardController.php(102): StandardController->render()
#7 unknown(0): StandardController->actionUpdate()
#8 C:\xampp\htdocs\mtr\framework\web\actions\CAction.php(108): ReflectionMethod->invokeArgs()
#9 C:\xampp\htdocs\mtr\framework\web\actions\CInlineAction.php(47): CInlineAction->runWithParamsInternal()
#10 C:\xampp\htdocs\mtr\framework\web\CController.php(308): CInlineAction->runWithParams()
#11 C:\xampp\htdocs\mtr\framework\web\filters\CFilterChain.php(133): StandardController->runAction()
#12 C:\xampp\htdocs\mtr\framework\web\filters\CFilter.php(40): CFilterChain->run()
#13 C:\xampp\htdocs\mtr\framework\web\CController.php(1145): CAccessControlFilter->filter()
#14 C:\xampp\htdocs\mtr\framework\web\filters\CInlineFilter.php(58): StandardController->filterAccessControl()
#15 C:\xampp\htdocs\mtr\framework\web\filters\CFilterChain.php(130): CInlineFilter->filter()
#16 C:\xampp\htdocs\mtr\framework\web\CController.php(291): CFilterChain->run()
#17 C:\xampp\htdocs\mtr\framework\web\CController.php(265): StandardController->runActionWithFilters()
#18 C:\xampp\htdocs\mtr\framework\web\CWebApplication.php(282): StandardController->run()
#19 C:\xampp\htdocs\mtr\framework\web\CWebApplication.php(141): CWebApplication->runController()
#20 C:\xampp\htdocs\mtr\framework\base\CApplication.php(180): CWebApplication->processRequest()
#21 C:\xampp\htdocs\mtr\index.php(13): CWebApplication->run()
REQUEST_URI=/mtr/standard/update/1
in C:\xampp\htdocs\mtr\protected\views\standard\_formUpdate.php (72)
in C:\xampp\htdocs\mtr\protected\views\standard\update.php (11)
in C:\xampp\htdocs\mtr\protected\controllers\StandardController.php (102)
2016/05/17 16:13:52 [error] [exception.CException] exception 'CException' with message 'Standard and its behaviors do not have a method or closure named "searchByType".' in C:\xampp\htdocs\mtr\framework\base\CComponent.php:266
Stack trace:
#0 C:\xampp\htdocs\mtr\framework\db\ar\CActiveRecord.php(227): CComponent->__call('searchByType', Array)
#1 C:\xampp\htdocs\mtr\protected\views\standard\_formUpdate.php(116): CActiveRecord->__call('searchByType', Array)
#2 C:\xampp\htdocs\mtr\protected\views\standard\_formUpdate.php(116): Standard->searchByType('header')
#3 C:\xampp\htdocs\mtr\framework\web\CBaseController.php(126): require('C:\\xampp\\htdocs...')
#4 C:\xampp\htdocs\mtr\framework\web\CBaseController.php(95): CBaseController->renderInternal('C:\\xampp\\htdocs...', Array, true)
#5 C:\xampp\htdocs\mtr\framework\web\CController.php(869): CBaseController->renderFile('C:\\xampp\\htdocs...', Array, true)
#6 C:\xampp\htdocs\mtr\protected\views\standard\update.php(11): CController->renderPartial('_formUpdate', Array)
#7 C:\xampp\htdocs\mtr\framework\web\CBaseController.php(126): require('C:\\xampp\\htdocs...')
#8 C:\xampp\htdocs\mtr\framework\web\CBaseController.php(95): CBaseController->renderInternal('C:\\xampp\\htdocs...', Array, true)
#9 C:\xampp\htdocs\mtr\framework\web\CController.php(869): CBaseController->renderFile('C:\\xampp\\htdocs...', Array, true)
#10 C:\xampp\htdocs\mtr\framework\web\CController.php(782): CController->renderPartial('update', Array, true)
#11 C:\xampp\htdocs\mtr\protected\controllers\StandardController.php(102): CController->render('update', Array)
#12 [internal function]: StandardController->actionUpdate('1')
#13 C:\xampp\htdocs\mtr\framework\web\actions\CAction.php(108): ReflectionMethod->invokeArgs(Object(StandardController), Array)
#14 C:\xampp\htdocs\mtr\framework\web\actions\CInlineAction.php(47): CAction->runWithParamsInternal(Object(StandardController), Object(ReflectionMethod), Array)
#15 C:\xampp\htdocs\mtr\framework\web\CController.php(308): CInlineAction->runWithParams(Array)
#16 C:\xampp\htdocs\mtr\framework\web\filters\CFilterChain.php(133): CController->runAction(Object(CInlineAction))
#17 C:\xampp\htdocs\mtr\framework\web\filters\CFilter.php(40): CFilterChain->run()
#18 C:\xampp\htdocs\mtr\framework\web\CController.php(1145): CFilter->filter(Object(CFilterChain))
#19 C:\xampp\htdocs\mtr\framework\web\filters\CInlineFilter.php(58): CController->filterAccessControl(Object(CFilterChain))
#20 C:\xampp\htdocs\mtr\framework\web\filters\CFilterChain.php(130): CInlineFilter->filter(Object(CFilterChain))
#21 C:\xampp\htdocs\mtr\framework\web\CController.php(291): CFilterChain->run()
#22 C:\xampp\htdocs\mtr\framework\web\CController.php(265): CController->runActionWithFilters(Object(CInlineAction), Array)
#23 C:\xampp\htdocs\mtr\framework\web\CWebApplication.php(282): CController->run('update')
#24 C:\xampp\htdocs\mtr\framework\web\CWebApplication.php(141): CWebApplication->runController('standard/update')
#25 C:\xampp\htdocs\mtr\framework\base\CApplication.php(180): CWebApplication->processRequest()
#26 C:\xampp\htdocs\mtr\index.php(13): CApplication->run()
#27 {main}
REQUEST_URI=/mtr/standard/update/1
HTTP_REFERER=http://localhost/mtr/standard/index
---
2016/05/17 16:21:52 [error] [exception.CException] exception 'CException' with message 'StandardParameter and its behaviors do not have a method or closure named "searchByStandard".' in C:\xampp\htdocs\mtr\framework\base\CComponent.php:266
Stack trace:
#0 C:\xampp\htdocs\mtr\framework\db\ar\CActiveRecord.php(227): CComponent->__call('searchByStandar...', Array)
#1 C:\xampp\htdocs\mtr\protected\views\standard\_formUpdate.php(116): CActiveRecord->__call('searchByStandar...', Array)
#2 C:\xampp\htdocs\mtr\protected\views\standard\_formUpdate.php(116): StandardParameter->searchByStandard('header')
#3 C:\xampp\htdocs\mtr\framework\web\CBaseController.php(126): require('C:\\xampp\\htdocs...')
#4 C:\xampp\htdocs\mtr\framework\web\CBaseController.php(95): CBaseController->renderInternal('C:\\xampp\\htdocs...', Array, true)
#5 C:\xampp\htdocs\mtr\framework\web\CController.php(869): CBaseController->renderFile('C:\\xampp\\htdocs...', Array, true)
#6 C:\xampp\htdocs\mtr\protected\views\standard\update.php(11): CController->renderPartial('_formUpdate', Array)
#7 C:\xampp\htdocs\mtr\framework\web\CBaseController.php(126): require('C:\\xampp\\htdocs...')
#8 C:\xampp\htdocs\mtr\framework\web\CBaseController.php(95): CBaseController->renderInternal('C:\\xampp\\htdocs...', Array, true)
#9 C:\xampp\htdocs\mtr\framework\web\CController.php(869): CBaseController->renderFile('C:\\xampp\\htdocs...', Array, true)
#10 C:\xampp\htdocs\mtr\framework\web\CController.php(782): CController->renderPartial('update', Array, true)
#11 C:\xampp\htdocs\mtr\protected\controllers\StandardController.php(102): CController->render('update', Array)
#12 [internal function]: StandardController->actionUpdate('1')
#13 C:\xampp\htdocs\mtr\framework\web\actions\CAction.php(108): ReflectionMethod->invokeArgs(Object(StandardController), Array)
#14 C:\xampp\htdocs\mtr\framework\web\actions\CInlineAction.php(47): CAction->runWithParamsInternal(Object(StandardController), Object(ReflectionMethod), Array)
#15 C:\xampp\htdocs\mtr\framework\web\CController.php(308): CInlineAction->runWithParams(Array)
#16 C:\xampp\htdocs\mtr\framework\web\filters\CFilterChain.php(133): CController->runAction(Object(CInlineAction))
#17 C:\xampp\htdocs\mtr\framework\web\filters\CFilter.php(40): CFilterChain->run()
#18 C:\xampp\htdocs\mtr\framework\web\CController.php(1145): CFilter->filter(Object(CFilterChain))
#19 C:\xampp\htdocs\mtr\framework\web\filters\CInlineFilter.php(58): CController->filterAccessControl(Object(CFilterChain))
#20 C:\xampp\htdocs\mtr\framework\web\filters\CFilterChain.php(130): CInlineFilter->filter(Object(CFilterChain))
#21 C:\xampp\htdocs\mtr\framework\web\CController.php(291): CFilterChain->run()
#22 C:\xampp\htdocs\mtr\framework\web\CController.php(265): CController->runActionWithFilters(Object(CInlineAction), Array)
#23 C:\xampp\htdocs\mtr\framework\web\CWebApplication.php(282): CController->run('update')
#24 C:\xampp\htdocs\mtr\framework\web\CWebApplication.php(141): CWebApplication->runController('standard/update')
#25 C:\xampp\htdocs\mtr\framework\base\CApplication.php(180): CWebApplication->processRequest()
#26 C:\xampp\htdocs\mtr\index.php(13): CApplication->run()
#27 {main}
REQUEST_URI=/mtr/standard/update/1
HTTP_REFERER=http://localhost/mtr/standard/index
---
2016/05/17 16:24:04 [error] [exception.CException] exception 'CException' with message 'StandardParameter and its behaviors do not have a method or closure named "searchByStandard".' in C:\xampp\htdocs\mtr\framework\base\CComponent.php:266
Stack trace:
#0 C:\xampp\htdocs\mtr\framework\db\ar\CActiveRecord.php(227): CComponent->__call('searchByStandar...', Array)
#1 C:\xampp\htdocs\mtr\protected\views\standard\_formUpdate.php(116): CActiveRecord->__call('searchByStandar...', Array)
#2 C:\xampp\htdocs\mtr\protected\views\standard\_formUpdate.php(116): StandardParameter->searchByStandard('header')
#3 C:\xampp\htdocs\mtr\framework\web\CBaseController.php(126): require('C:\\xampp\\htdocs...')
#4 C:\xampp\htdocs\mtr\framework\web\CBaseController.php(95): CBaseController->renderInternal('C:\\xampp\\htdocs...', Array, true)
#5 C:\xampp\htdocs\mtr\framework\web\CController.php(869): CBaseController->renderFile('C:\\xampp\\htdocs...', Array, true)
#6 C:\xampp\htdocs\mtr\protected\views\standard\update.php(11): CController->renderPartial('_formUpdate', Array)
#7 C:\xampp\htdocs\mtr\framework\web\CBaseController.php(126): require('C:\\xampp\\htdocs...')
#8 C:\xampp\htdocs\mtr\framework\web\CBaseController.php(95): CBaseController->renderInternal('C:\\xampp\\htdocs...', Array, true)
#9 C:\xampp\htdocs\mtr\framework\web\CController.php(869): CBaseController->renderFile('C:\\xampp\\htdocs...', Array, true)
#10 C:\xampp\htdocs\mtr\framework\web\CController.php(782): CController->renderPartial('update', Array, true)
#11 C:\xampp\htdocs\mtr\protected\controllers\StandardController.php(102): CController->render('update', Array)
#12 [internal function]: StandardController->actionUpdate('1')
#13 C:\xampp\htdocs\mtr\framework\web\actions\CAction.php(108): ReflectionMethod->invokeArgs(Object(StandardController), Array)
#14 C:\xampp\htdocs\mtr\framework\web\actions\CInlineAction.php(47): CAction->runWithParamsInternal(Object(StandardController), Object(ReflectionMethod), Array)
#15 C:\xampp\htdocs\mtr\framework\web\CController.php(308): CInlineAction->runWithParams(Array)
#16 C:\xampp\htdocs\mtr\framework\web\filters\CFilterChain.php(133): CController->runAction(Object(CInlineAction))
#17 C:\xampp\htdocs\mtr\framework\web\filters\CFilter.php(40): CFilterChain->run()
#18 C:\xampp\htdocs\mtr\framework\web\CController.php(1145): CFilter->filter(Object(CFilterChain))
#19 C:\xampp\htdocs\mtr\framework\web\filters\CInlineFilter.php(58): CController->filterAccessControl(Object(CFilterChain))
#20 C:\xampp\htdocs\mtr\framework\web\filters\CFilterChain.php(130): CInlineFilter->filter(Object(CFilterChain))
#21 C:\xampp\htdocs\mtr\framework\web\CController.php(291): CFilterChain->run()
#22 C:\xampp\htdocs\mtr\framework\web\CController.php(265): CController->runActionWithFilters(Object(CInlineAction), Array)
#23 C:\xampp\htdocs\mtr\framework\web\CWebApplication.php(282): CController->run('update')
#24 C:\xampp\htdocs\mtr\framework\web\CWebApplication.php(141): CWebApplication->runController('standard/update')
#25 C:\xampp\htdocs\mtr\framework\base\CApplication.php(180): CWebApplication->processRequest()
#26 C:\xampp\htdocs\mtr\index.php(13): CApplication->run()
#27 {main}
REQUEST_URI=/mtr/standard/update/1
HTTP_REFERER=http://localhost/mtr/standard/index
---
2016/05/17 16:26:18 [error] [exception.CException] exception 'CException' with message 'StandardParameter and its behaviors do not have a method or closure named "searchByStandard".' in C:\xampp\htdocs\mtr\framework\base\CComponent.php:266
Stack trace:
#0 C:\xampp\htdocs\mtr\framework\db\ar\CActiveRecord.php(227): CComponent->__call('searchByStandar...', Array)
#1 C:\xampp\htdocs\mtr\protected\views\standard\_formUpdate.php(116): CActiveRecord->__call('searchByStandar...', Array)
#2 C:\xampp\htdocs\mtr\protected\views\standard\_formUpdate.php(116): StandardParameter->searchByStandard('header')
#3 C:\xampp\htdocs\mtr\framework\web\CBaseController.php(126): require('C:\\xampp\\htdocs...')
#4 C:\xampp\htdocs\mtr\framework\web\CBaseController.php(95): CBaseController->renderInternal('C:\\xampp\\htdocs...', Array, true)
#5 C:\xampp\htdocs\mtr\framework\web\CController.php(869): CBaseController->renderFile('C:\\xampp\\htdocs...', Array, true)
#6 C:\xampp\htdocs\mtr\protected\views\standard\update.php(11): CController->renderPartial('_formUpdate', Array)
#7 C:\xampp\htdocs\mtr\framework\web\CBaseController.php(126): require('C:\\xampp\\htdocs...')
#8 C:\xampp\htdocs\mtr\framework\web\CBaseController.php(95): CBaseController->renderInternal('C:\\xampp\\htdocs...', Array, true)
#9 C:\xampp\htdocs\mtr\framework\web\CController.php(869): CBaseController->renderFile('C:\\xampp\\htdocs...', Array, true)
#10 C:\xampp\htdocs\mtr\framework\web\CController.php(782): CController->renderPartial('update', Array, true)
#11 C:\xampp\htdocs\mtr\protected\controllers\StandardController.php(102): CController->render('update', Array)
#12 [internal function]: StandardController->actionUpdate('1')
#13 C:\xampp\htdocs\mtr\framework\web\actions\CAction.php(108): ReflectionMethod->invokeArgs(Object(StandardController), Array)
#14 C:\xampp\htdocs\mtr\framework\web\actions\CInlineAction.php(47): CAction->runWithParamsInternal(Object(StandardController), Object(ReflectionMethod), Array)
#15 C:\xampp\htdocs\mtr\framework\web\CController.php(308): CInlineAction->runWithParams(Array)
#16 C:\xampp\htdocs\mtr\framework\web\filters\CFilterChain.php(133): CController->runAction(Object(CInlineAction))
#17 C:\xampp\htdocs\mtr\framework\web\filters\CFilter.php(40): CFilterChain->run()
#18 C:\xampp\htdocs\mtr\framework\web\CController.php(1145): CFilter->filter(Object(CFilterChain))
#19 C:\xampp\htdocs\mtr\framework\web\filters\CInlineFilter.php(58): CController->filterAccessControl(Object(CFilterChain))
#20 C:\xampp\htdocs\mtr\framework\web\filters\CFilterChain.php(130): CInlineFilter->filter(Object(CFilterChain))
#21 C:\xampp\htdocs\mtr\framework\web\CController.php(291): CFilterChain->run()
#22 C:\xampp\htdocs\mtr\framework\web\CController.php(265): CController->runActionWithFilters(Object(CInlineAction), Array)
#23 C:\xampp\htdocs\mtr\framework\web\CWebApplication.php(282): CController->run('update')
#24 C:\xampp\htdocs\mtr\framework\web\CWebApplication.php(141): CWebApplication->runController('standard/update')
#25 C:\xampp\htdocs\mtr\framework\base\CApplication.php(180): CWebApplication->processRequest()
#26 C:\xampp\htdocs\mtr\index.php(13): CApplication->run()
#27 {main}
REQUEST_URI=/mtr/standard/update/1
HTTP_REFERER=http://localhost/mtr/standard/index
---
2016/05/17 16:26:38 [error] [exception.CException] exception 'CException' with message 'คุณสมบัติ "Standard.col_index" ยังไม่ถูกกำหนด' in C:\xampp\htdocs\mtr\framework\base\CComponent.php:130
Stack trace:
#0 C:\xampp\htdocs\mtr\framework\db\ar\CActiveRecord.php(145): CComponent->__get('col_index')
#1 C:\xampp\htdocs\mtr\framework\web\helpers\CHtml.php(2529): CActiveRecord->__get('col_index')
#2 C:\xampp\htdocs\mtr\framework\web\helpers\CHtml.php(2252): CHtml::resolveValue(Object(Standard), 'col_index')
#3 C:\xampp\htdocs\mtr\framework\web\helpers\CHtml.php(1434): CHtml::activeInputField('text', Object(Standard), 'col_index', Array)
#4 C:\xampp\htdocs\mtr\protected\views\standard\_formUpdate.php(151): CHtml::activeTextField(Object(Standard), 'col_index', Array)
#5 C:\xampp\htdocs\mtr\framework\web\CBaseController.php(126): require('C:\\xampp\\htdocs...')
#6 C:\xampp\htdocs\mtr\framework\web\CBaseController.php(95): CBaseController->renderInternal('C:\\xampp\\htdocs...', Array, true)
#7 C:\xampp\htdocs\mtr\framework\web\CController.php(869): CBaseController->renderFile('C:\\xampp\\htdocs...', Array, true)
#8 C:\xampp\htdocs\mtr\protected\views\standard\update.php(11): CController->renderPartial('_formUpdate', Array)
#9 C:\xampp\htdocs\mtr\framework\web\CBaseController.php(126): require('C:\\xampp\\htdocs...')
#10 C:\xampp\htdocs\mtr\framework\web\CBaseController.php(95): CBaseController->renderInternal('C:\\xampp\\htdocs...', Array, true)
#11 C:\xampp\htdocs\mtr\framework\web\CController.php(869): CBaseController->renderFile('C:\\xampp\\htdocs...', Array, true)
#12 C:\xampp\htdocs\mtr\framework\web\CController.php(782): CController->renderPartial('update', Array, true)
#13 C:\xampp\htdocs\mtr\protected\controllers\StandardController.php(102): CController->render('update', Array)
#14 [internal function]: StandardController->actionUpdate('1')
#15 C:\xampp\htdocs\mtr\framework\web\actions\CAction.php(108): ReflectionMethod->invokeArgs(Object(StandardController), Array)
#16 C:\xampp\htdocs\mtr\framework\web\actions\CInlineAction.php(47): CAction->runWithParamsInternal(Object(StandardController), Object(ReflectionMethod), Array)
#17 C:\xampp\htdocs\mtr\framework\web\CController.php(308): CInlineAction->runWithParams(Array)
#18 C:\xampp\htdocs\mtr\framework\web\filters\CFilterChain.php(133): CController->runAction(Object(CInlineAction))
#19 C:\xampp\htdocs\mtr\framework\web\filters\CFilter.php(40): CFilterChain->run()
#20 C:\xampp\htdocs\mtr\framework\web\CController.php(1145): CFilter->filter(Object(CFilterChain))
#21 C:\xampp\htdocs\mtr\framework\web\filters\CInlineFilter.php(58): CController->filterAccessControl(Object(CFilterChain))
#22 C:\xampp\htdocs\mtr\framework\web\filters\CFilterChain.php(130): CInlineFilter->filter(Object(CFilterChain))
#23 C:\xampp\htdocs\mtr\framework\web\CController.php(291): CFilterChain->run()
#24 C:\xampp\htdocs\mtr\framework\web\CController.php(265): CController->runActionWithFilters(Object(CInlineAction), Array)
#25 C:\xampp\htdocs\mtr\framework\web\CWebApplication.php(282): CController->run('update')
#26 C:\xampp\htdocs\mtr\framework\web\CWebApplication.php(141): CWebApplication->runController('standard/update')
#27 C:\xampp\htdocs\mtr\framework\base\CApplication.php(180): CWebApplication->processRequest()
#28 C:\xampp\htdocs\mtr\index.php(13): CApplication->run()
#29 {main}
REQUEST_URI=/mtr/standard/update/1
HTTP_REFERER=http://localhost/mtr/standard/index
---
2016/05/17 16:28:20 [error] [exception.CException] exception 'CException' with message 'คุณสมบัติ "Standard.value" ยังไม่ถูกกำหนด' in C:\xampp\htdocs\mtr\framework\base\CComponent.php:130
Stack trace:
#0 C:\xampp\htdocs\mtr\framework\db\ar\CActiveRecord.php(145): CComponent->__get('value')
#1 C:\xampp\htdocs\mtr\framework\web\helpers\CHtml.php(2529): CActiveRecord->__get('value')
#2 C:\xampp\htdocs\mtr\framework\web\helpers\CHtml.php(2252): CHtml::resolveValue(Object(Standard), 'value')
#3 C:\xampp\htdocs\mtr\framework\web\helpers\CHtml.php(1434): CHtml::activeInputField('text', Object(Standard), 'value', Array)
#4 C:\xampp\htdocs\mtr\protected\views\standard\_formUpdate.php(151): CHtml::activeTextField(Object(Standard), 'value', Array)
#5 C:\xampp\htdocs\mtr\framework\web\CBaseController.php(126): require('C:\\xampp\\htdocs...')
#6 C:\xampp\htdocs\mtr\framework\web\CBaseController.php(95): CBaseController->renderInternal('C:\\xampp\\htdocs...', Array, true)
#7 C:\xampp\htdocs\mtr\framework\web\CController.php(869): CBaseController->renderFile('C:\\xampp\\htdocs...', Array, true)
#8 C:\xampp\htdocs\mtr\protected\views\standard\update.php(11): CController->renderPartial('_formUpdate', Array)
#9 C:\xampp\htdocs\mtr\framework\web\CBaseController.php(126): require('C:\\xampp\\htdocs...')
#10 C:\xampp\htdocs\mtr\framework\web\CBaseController.php(95): CBaseController->renderInternal('C:\\xampp\\htdocs...', Array, true)
#11 C:\xampp\htdocs\mtr\framework\web\CController.php(869): CBaseController->renderFile('C:\\xampp\\htdocs...', Array, true)
#12 C:\xampp\htdocs\mtr\framework\web\CController.php(782): CController->renderPartial('update', Array, true)
#13 C:\xampp\htdocs\mtr\protected\controllers\StandardController.php(102): CController->render('update', Array)
#14 [internal function]: StandardController->actionUpdate('1')
#15 C:\xampp\htdocs\mtr\framework\web\actions\CAction.php(108): ReflectionMethod->invokeArgs(Object(StandardController), Array)
#16 C:\xampp\htdocs\mtr\framework\web\actions\CInlineAction.php(47): CAction->runWithParamsInternal(Object(StandardController), Object(ReflectionMethod), Array)
#17 C:\xampp\htdocs\mtr\framework\web\CController.php(308): CInlineAction->runWithParams(Array)
#18 C:\xampp\htdocs\mtr\framework\web\filters\CFilterChain.php(133): CController->runAction(Object(CInlineAction))
#19 C:\xampp\htdocs\mtr\framework\web\filters\CFilter.php(40): CFilterChain->run()
#20 C:\xampp\htdocs\mtr\framework\web\CController.php(1145): CFilter->filter(Object(CFilterChain))
#21 C:\xampp\htdocs\mtr\framework\web\filters\CInlineFilter.php(58): CController->filterAccessControl(Object(CFilterChain))
#22 C:\xampp\htdocs\mtr\framework\web\filters\CFilterChain.php(130): CInlineFilter->filter(Object(CFilterChain))
#23 C:\xampp\htdocs\mtr\framework\web\CController.php(291): CFilterChain->run()
#24 C:\xampp\htdocs\mtr\framework\web\CController.php(265): CController->runActionWithFilters(Object(CInlineAction), Array)
#25 C:\xampp\htdocs\mtr\framework\web\CWebApplication.php(282): CController->run('update')
#26 C:\xampp\htdocs\mtr\framework\web\CWebApplication.php(141): CWebApplication->runController('standard/update')
#27 C:\xampp\htdocs\mtr\framework\base\CApplication.php(180): CWebApplication->processRequest()
#28 C:\xampp\htdocs\mtr\index.php(13): CApplication->run()
#29 {main}
REQUEST_URI=/mtr/standard/update/1
HTTP_REFERER=http://localhost/mtr/standard/index
---
2016/05/17 16:28:21 [error] [exception.CException] exception 'CException' with message 'คุณสมบัติ "Standard.value" ยังไม่ถูกกำหนด' in C:\xampp\htdocs\mtr\framework\base\CComponent.php:130
Stack trace:
#0 C:\xampp\htdocs\mtr\framework\db\ar\CActiveRecord.php(145): CComponent->__get('value')
#1 C:\xampp\htdocs\mtr\framework\web\helpers\CHtml.php(2529): CActiveRecord->__get('value')
#2 C:\xampp\htdocs\mtr\framework\web\helpers\CHtml.php(2252): CHtml::resolveValue(Object(Standard), 'value')
#3 C:\xampp\htdocs\mtr\framework\web\helpers\CHtml.php(1434): CHtml::activeInputField('text', Object(Standard), 'value', Array)
#4 C:\xampp\htdocs\mtr\protected\views\standard\_formUpdate.php(151): CHtml::activeTextField(Object(Standard), 'value', Array)
#5 C:\xampp\htdocs\mtr\framework\web\CBaseController.php(126): require('C:\\xampp\\htdocs...')
#6 C:\xampp\htdocs\mtr\framework\web\CBaseController.php(95): CBaseController->renderInternal('C:\\xampp\\htdocs...', Array, true)
#7 C:\xampp\htdocs\mtr\framework\web\CController.php(869): CBaseController->renderFile('C:\\xampp\\htdocs...', Array, true)
#8 C:\xampp\htdocs\mtr\protected\views\standard\update.php(11): CController->renderPartial('_formUpdate', Array)
#9 C:\xampp\htdocs\mtr\framework\web\CBaseController.php(126): require('C:\\xampp\\htdocs...')
#10 C:\xampp\htdocs\mtr\framework\web\CBaseController.php(95): CBaseController->renderInternal('C:\\xampp\\htdocs...', Array, true)
#11 C:\xampp\htdocs\mtr\framework\web\CController.php(869): CBaseController->renderFile('C:\\xampp\\htdocs...', Array, true)
#12 C:\xampp\htdocs\mtr\framework\web\CController.php(782): CController->renderPartial('update', Array, true)
#13 C:\xampp\htdocs\mtr\protected\controllers\StandardController.php(102): CController->render('update', Array)
#14 [internal function]: StandardController->actionUpdate('1')
#15 C:\xampp\htdocs\mtr\framework\web\actions\CAction.php(108): ReflectionMethod->invokeArgs(Object(StandardController), Array)
#16 C:\xampp\htdocs\mtr\framework\web\actions\CInlineAction.php(47): CAction->runWithParamsInternal(Object(StandardController), Object(ReflectionMethod), Array)
#17 C:\xampp\htdocs\mtr\framework\web\CController.php(308): CInlineAction->runWithParams(Array)
#18 C:\xampp\htdocs\mtr\framework\web\filters\CFilterChain.php(133): CController->runAction(Object(CInlineAction))
#19 C:\xampp\htdocs\mtr\framework\web\filters\CFilter.php(40): CFilterChain->run()
#20 C:\xampp\htdocs\mtr\framework\web\CController.php(1145): CFilter->filter(Object(CFilterChain))
#21 C:\xampp\htdocs\mtr\framework\web\filters\CInlineFilter.php(58): CController->filterAccessControl(Object(CFilterChain))
#22 C:\xampp\htdocs\mtr\framework\web\filters\CFilterChain.php(130): CInlineFilter->filter(Object(CFilterChain))
#23 C:\xampp\htdocs\mtr\framework\web\CController.php(291): CFilterChain->run()
#24 C:\xampp\htdocs\mtr\framework\web\CController.php(265): CController->runActionWithFilters(Object(CInlineAction), Array)
#25 C:\xampp\htdocs\mtr\framework\web\CWebApplication.php(282): CController->run('update')
#26 C:\xampp\htdocs\mtr\framework\web\CWebApplication.php(141): CWebApplication->runController('standard/update')
#27 C:\xampp\htdocs\mtr\framework\base\CApplication.php(180): CWebApplication->processRequest()
#28 C:\xampp\htdocs\mtr\index.php(13): CApplication->run()
#29 {main}
REQUEST_URI=/mtr/standard/update/1
HTTP_REFERER=http://localhost/mtr/standard/index
---
2016/05/17 16:29:26 [error] [exception.CException] exception 'CException' with message 'คุณสมบัติ "StandardParameter.name" ยังไม่ถูกกำหนด' in C:\xampp\htdocs\mtr\framework\base\CComponent.php:130
Stack trace:
#0 C:\xampp\htdocs\mtr\framework\db\ar\CActiveRecord.php(145): CComponent->__get('name')
#1 C:\xampp\htdocs\mtr\framework\web\helpers\CHtml.php(2529): CActiveRecord->__get('name')
#2 C:\xampp\htdocs\mtr\framework\web\helpers\CHtml.php(2252): CHtml::resolveValue(Object(StandardParameter), 'name')
#3 C:\xampp\htdocs\mtr\framework\web\helpers\CHtml.php(1434): CHtml::activeInputField('text', Object(StandardParameter), 'name', Array)
#4 C:\xampp\htdocs\mtr\framework\zii\widgets\grid\CDataColumn.php(103): CHtml::activeTextField(Object(StandardParameter), 'name', Array)
#5 C:\xampp\htdocs\mtr\protected\extensions\x-editable\EditableColumn.php(146): CDataColumn->renderFilterCellContent()
#6 C:\xampp\htdocs\mtr\framework\zii\widgets\grid\CGridView.php(532): EditableColumn->renderFilterCell()
#7 C:\xampp\htdocs\mtr\framework\zii\widgets\grid\CGridView.php(510): CGridView->renderFilter()
#8 C:\xampp\htdocs\mtr\framework\zii\widgets\grid\CGridView.php(480): CGridView->renderTableHeader()
#9 C:\xampp\htdocs\mtr\framework\zii\widgets\CBaseListView.php(167): CGridView->renderItems()
#10 [internal function]: CBaseListView->renderSection(Array)
#11 C:\xampp\htdocs\mtr\framework\zii\widgets\CBaseListView.php(150): preg_replace_callback('/{(\\w+)}/', Array, '{items}<div cla...')
#12 C:\xampp\htdocs\mtr\framework\zii\widgets\CBaseListView.php(135): CBaseListView->renderContent()
#13 C:\xampp\htdocs\mtr\framework\web\CBaseController.php(173): CBaseListView->run()
#14 C:\xampp\htdocs\mtr\protected\views\standard\_formUpdate.php(182): CBaseController->widget('bootstrap.widge...', Array)
#15 C:\xampp\htdocs\mtr\framework\web\CBaseController.php(126): require('C:\\xampp\\htdocs...')
#16 C:\xampp\htdocs\mtr\framework\web\CBaseController.php(95): CBaseController->renderInternal('C:\\xampp\\htdocs...', Array, true)
#17 C:\xampp\htdocs\mtr\framework\web\CController.php(869): CBaseController->renderFile('C:\\xampp\\htdocs...', Array, true)
#18 C:\xampp\htdocs\mtr\protected\views\standard\update.php(11): CController->renderPartial('_formUpdate', Array)
#19 C:\xampp\htdocs\mtr\framework\web\CBaseController.php(126): require('C:\\xampp\\htdocs...')
#20 C:\xampp\htdocs\mtr\framework\web\CBaseController.php(95): CBaseController->renderInternal('C:\\xampp\\htdocs...', Array, true)
#21 C:\xampp\htdocs\mtr\framework\web\CController.php(869): CBaseController->renderFile('C:\\xampp\\htdocs...', Array, true)
#22 C:\xampp\htdocs\mtr\framework\web\CController.php(782): CController->renderPartial('update', Array, true)
#23 C:\xampp\htdocs\mtr\protected\controllers\StandardController.php(102): CController->render('update', Array)
#24 [internal function]: StandardController->actionUpdate('1')
#25 C:\xampp\htdocs\mtr\framework\web\actions\CAction.php(108): ReflectionMethod->invokeArgs(Object(StandardController), Array)
#26 C:\xampp\htdocs\mtr\framework\web\actions\CInlineAction.php(47): CAction->runWithParamsInternal(Object(StandardController), Object(ReflectionMethod), Array)
#27 C:\xampp\htdocs\mtr\framework\web\CController.php(308): CInlineAction->runWithParams(Array)
#28 C:\xampp\htdocs\mtr\framework\web\filters\CFilterChain.php(133): CController->runAction(Object(CInlineAction))
#29 C:\xampp\htdocs\mtr\framework\web\filters\CFilter.php(40): CFilterChain->run()
#30 C:\xampp\htdocs\mtr\framework\web\CController.php(1145): CFilter->filter(Object(CFilterChain))
#31 C:\xampp\htdocs\mtr\framework\web\filters\CInlineFilter.php(58): CController->filterAccessControl(Object(CFilterChain))
#32 C:\xampp\htdocs\mtr\framework\web\filters\CFilterChain.php(130): CInlineFilter->filter(Object(CFilterChain))
#33 C:\xampp\htdocs\mtr\framework\web\CController.php(291): CFilterChain->run()
#34 C:\xampp\htdocs\mtr\framework\web\CController.php(265): CController->runActionWithFilters(Object(CInlineAction), Array)
#35 C:\xampp\htdocs\mtr\framework\web\CWebApplication.php(282): CController->run('update')
#36 C:\xampp\htdocs\mtr\framework\web\CWebApplication.php(141): CWebApplication->runController('standard/update')
#37 C:\xampp\htdocs\mtr\framework\base\CApplication.php(180): CWebApplication->processRequest()
#38 C:\xampp\htdocs\mtr\index.php(13): CApplication->run()
#39 {main}
REQUEST_URI=/mtr/standard/update/1
HTTP_REFERER=http://localhost/mtr/standard/index
---
